<?xml version="1.0" encoding="UTF-8"?>
<testsuite name="wildberriesSearch.basetest.SearchPositiveTest" tests="5" skipped="0" failures="1" errors="0" timestamp="2024-03-22T12:34:53" hostname="user" time="22.2">
  <properties/>
  <testcase name="cleanSearchNoAuthorizedUser()" classname="wildberriesSearch.basetest.SearchPositiveTest" time="8.043">
    <failure message="Element should be clickable: interactable and enabled {button.search-catalog__btn--clear}&#10;Element: '&lt;button aria-label=&quot;Очистить поиск&quot; class=&quot;search-catalog__btn search-catalog__btn--clear&quot; data-jsv=&quot;#39^/39^&quot; data-link=&quot;class{merge: searchText toggle='search-catalog__btn--active'}{on clearSearch}&quot; type=&quot;button&quot; displayed:false&gt;&lt;/button&gt;'&#10;Actual value: hidden, opacity=1&#10;Screenshot: file:/home/user/IdeaProjects/wb/build/reports/tests/1711110899774.2.png&#10;Page source: file:/home/user/IdeaProjects/wb/build/reports/tests/1711110899774.2.html&#10;Timeout: 4 s." type="com.codeborne.selenide.ex.ElementShould">Element should be clickable: interactable and enabled {button.search-catalog__btn--clear}
Element: '&lt;button aria-label=&quot;Очистить поиск&quot; class=&quot;search-catalog__btn search-catalog__btn--clear&quot; data-jsv=&quot;#39^/39^&quot; data-link=&quot;class{merge: searchText toggle='search-catalog__btn--active'}{on clearSearch}&quot; type=&quot;button&quot; displayed:false&gt;&lt;/button&gt;'
Actual value: hidden, opacity=1
Screenshot: file:/home/user/IdeaProjects/wb/build/reports/tests/1711110899774.2.png
Page source: file:/home/user/IdeaProjects/wb/build/reports/tests/1711110899774.2.html
Timeout: 4 s.
	at app//com.codeborne.selenide.impl.WebElementSource.handleError(WebElementSource.java:149)
	at app//com.codeborne.selenide.impl.WebElementSource.checkConditionAndReturnElement(WebElementSource.java:127)
	at app//com.codeborne.selenide.impl.WebElementSource.findAndAssertElementIsClickable(WebElementSource.java:173)
	at app//com.codeborne.selenide.commands.Click.findElement(Click.java:46)
	at app//com.codeborne.selenide.commands.Click.execute(Click.java:28)
	at app//com.codeborne.selenide.commands.Click.execute(Click.java:21)
	at app//com.codeborne.selenide.commands.Commands.execute(Commands.java:161)
	at app//com.codeborne.selenide.impl.SelenideElementProxy.dispatchAndRetry(SelenideElementProxy.java:132)
	at app//com.codeborne.selenide.impl.SelenideElementProxy.invoke(SelenideElementProxy.java:84)
	at app/jdk.proxy3/jdk.proxy3.$Proxy19.click(Unknown Source)
	at app//wildberriesSearch.basetest.SearchPositiveTest.cleanSearchNoAuthorizedUser(SearchPositiveTest.java:56)
	at java.base@17.0.2/java.lang.reflect.Method.invoke(Method.java:568)
	at java.base@17.0.2/java.util.ArrayList.forEach(ArrayList.java:1511)
	at java.base@17.0.2/java.util.ArrayList.forEach(ArrayList.java:1511)
</failure>
  </testcase>
  <testcase name="photoSearchNoAuthorizedUser()" classname="wildberriesSearch.basetest.SearchPositiveTest" time="4.215"/>
  <testcase name="textSearchNoAuthorizedUser()" classname="wildberriesSearch.basetest.SearchPositiveTest" time="3.15"/>
  <testcase name="articulSearchNoAuthorizedUser()" classname="wildberriesSearch.basetest.SearchPositiveTest" time="3.154"/>
  <testcase name="longTextSearchNoAuthorizedUser()" classname="wildberriesSearch.basetest.SearchPositiveTest" time="3.607"/>
  <system-out><![CDATA[]]></system-out>
  <system-err><![CDATA[[Test worker] INFO com.codeborne.selenide.impl.WebDriverThreadLocalContainer - No webdriver is bound to current thread: 1 - let's create a new webdriver
[Test worker] INFO com.codeborne.selenide.webdriver.WebDriverFactory - BrowserName=chrome Version=95.0.4638.54 Platform=linux
[Test worker] INFO com.codeborne.selenide.webdriver.WebDriverFactory - Selenide v. 7.0.4
[Test worker] INFO com.codeborne.selenide.webdriver.WebDriverFactory - Selenium WebDriver v. 4.16.1 build revision: 9b4c83354e
[Test worker] INFO com.codeborne.selenide.drivercommands.CreateDriverCommand - Created webdriver in thread 1: RemoteWebDriver -> RemoteWebDriver: chrome on linux (0524feebd9e65a5a5042ac34830d48c0), downloadsFolder: null
[Test worker] INFO com.codeborne.selenide.drivercommands.DisposablesRegistry - Register WebDriverInstance[config=StaticConfig, webDriver=RemoteWebDriver: chrome on linux (0524feebd9e65a5a5042ac34830d48c0), proxy=null, downloadsFolder=null] in 1 [size=1]
[Test worker] INFO com.codeborne.selenide.drivercommands.CloseDriverCommand - Close webdriver: 1 -> RemoteWebDriver: chrome on linux (0524feebd9e65a5a5042ac34830d48c0)...
[Test worker] INFO com.codeborne.selenide.drivercommands.CloseDriverCommand - Closed webdriver 1 in 71 ms
[Test worker] INFO com.codeborne.selenide.drivercommands.DisposablesRegistry - Unregister WebDriverInstance[config=StaticConfig, webDriver=RemoteWebDriver: chrome on linux (null), proxy=null, downloadsFolder=null] in 1 [size=0]
[Test worker] INFO com.codeborne.selenide.impl.WebDriverThreadLocalContainer - No webdriver is bound to current thread: 1 - let's create a new webdriver
[Test worker] INFO com.codeborne.selenide.webdriver.WebDriverFactory - BrowserName=chrome Version=95.0.4638.54 Platform=linux
[Test worker] INFO com.codeborne.selenide.webdriver.WebDriverFactory - Selenide v. 7.0.4
[Test worker] INFO com.codeborne.selenide.webdriver.WebDriverFactory - Selenium WebDriver v. 4.16.1 build revision: 9b4c83354e
[Test worker] INFO com.codeborne.selenide.drivercommands.CreateDriverCommand - Created webdriver in thread 1: RemoteWebDriver -> RemoteWebDriver: chrome on linux (641209b24b5a6d646aebc91935477293), downloadsFolder: null
[Test worker] INFO com.codeborne.selenide.drivercommands.DisposablesRegistry - Register WebDriverInstance[config=StaticConfig, webDriver=RemoteWebDriver: chrome on linux (641209b24b5a6d646aebc91935477293), proxy=null, downloadsFolder=null] in 1 [size=1]
[Test worker] INFO com.codeborne.selenide.drivercommands.CloseDriverCommand - Close webdriver: 1 -> RemoteWebDriver: chrome on linux (641209b24b5a6d646aebc91935477293)...
[Test worker] INFO com.codeborne.selenide.drivercommands.CloseDriverCommand - Closed webdriver 1 in 71 ms
[Test worker] INFO com.codeborne.selenide.drivercommands.DisposablesRegistry - Unregister WebDriverInstance[config=StaticConfig, webDriver=RemoteWebDriver: chrome on linux (null), proxy=null, downloadsFolder=null] in 1 [size=0]
[Test worker] INFO com.codeborne.selenide.impl.WebDriverThreadLocalContainer - No webdriver is bound to current thread: 1 - let's create a new webdriver
[Test worker] INFO com.codeborne.selenide.webdriver.WebDriverFactory - BrowserName=chrome Version=95.0.4638.54 Platform=linux
[Test worker] INFO com.codeborne.selenide.webdriver.WebDriverFactory - Selenide v. 7.0.4
[Test worker] INFO com.codeborne.selenide.webdriver.WebDriverFactory - Selenium WebDriver v. 4.16.1 build revision: 9b4c83354e
[Test worker] INFO com.codeborne.selenide.drivercommands.CreateDriverCommand - Created webdriver in thread 1: RemoteWebDriver -> RemoteWebDriver: chrome on linux (a36ac28c2d40bffdff8fc86995f195b3), downloadsFolder: null
[Test worker] INFO com.codeborne.selenide.drivercommands.DisposablesRegistry - Register WebDriverInstance[config=StaticConfig, webDriver=RemoteWebDriver: chrome on linux (a36ac28c2d40bffdff8fc86995f195b3), proxy=null, downloadsFolder=null] in 1 [size=1]
[Test worker] INFO com.codeborne.selenide.drivercommands.CloseDriverCommand - Close webdriver: 1 -> RemoteWebDriver: chrome on linux (a36ac28c2d40bffdff8fc86995f195b3)...
[Test worker] INFO com.codeborne.selenide.drivercommands.CloseDriverCommand - Closed webdriver 1 in 70 ms
[Test worker] INFO com.codeborne.selenide.drivercommands.DisposablesRegistry - Unregister WebDriverInstance[config=StaticConfig, webDriver=RemoteWebDriver: chrome on linux (null), proxy=null, downloadsFolder=null] in 1 [size=0]
[Test worker] INFO com.codeborne.selenide.impl.WebDriverThreadLocalContainer - No webdriver is bound to current thread: 1 - let's create a new webdriver
[Test worker] INFO com.codeborne.selenide.webdriver.WebDriverFactory - BrowserName=chrome Version=95.0.4638.54 Platform=linux
[Test worker] INFO com.codeborne.selenide.webdriver.WebDriverFactory - Selenide v. 7.0.4
[Test worker] INFO com.codeborne.selenide.webdriver.WebDriverFactory - Selenium WebDriver v. 4.16.1 build revision: 9b4c83354e
[Test worker] INFO com.codeborne.selenide.drivercommands.CreateDriverCommand - Created webdriver in thread 1: RemoteWebDriver -> RemoteWebDriver: chrome on linux (6331c8573eeb6b6b5c19e55f6bc8abf9), downloadsFolder: null
[Test worker] INFO com.codeborne.selenide.drivercommands.DisposablesRegistry - Register WebDriverInstance[config=StaticConfig, webDriver=RemoteWebDriver: chrome on linux (6331c8573eeb6b6b5c19e55f6bc8abf9), proxy=null, downloadsFolder=null] in 1 [size=1]
[Test worker] INFO com.codeborne.selenide.drivercommands.CloseDriverCommand - Close webdriver: 1 -> RemoteWebDriver: chrome on linux (6331c8573eeb6b6b5c19e55f6bc8abf9)...
[Test worker] INFO com.codeborne.selenide.drivercommands.CloseDriverCommand - Closed webdriver 1 in 70 ms
[Test worker] INFO com.codeborne.selenide.drivercommands.DisposablesRegistry - Unregister WebDriverInstance[config=StaticConfig, webDriver=RemoteWebDriver: chrome on linux (null), proxy=null, downloadsFolder=null] in 1 [size=0]
[Test worker] INFO com.codeborne.selenide.impl.WebDriverThreadLocalContainer - No webdriver is bound to current thread: 1 - let's create a new webdriver
[Test worker] INFO com.codeborne.selenide.webdriver.WebDriverFactory - BrowserName=chrome Version=95.0.4638.54 Platform=linux
[Test worker] INFO com.codeborne.selenide.webdriver.WebDriverFactory - Selenide v. 7.0.4
[Test worker] INFO com.codeborne.selenide.webdriver.WebDriverFactory - Selenium WebDriver v. 4.16.1 build revision: 9b4c83354e
[Test worker] INFO com.codeborne.selenide.drivercommands.CreateDriverCommand - Created webdriver in thread 1: RemoteWebDriver -> RemoteWebDriver: chrome on linux (60f92d294fa025bdbec27b373e93b755), downloadsFolder: null
[Test worker] INFO com.codeborne.selenide.drivercommands.DisposablesRegistry - Register WebDriverInstance[config=StaticConfig, webDriver=RemoteWebDriver: chrome on linux (60f92d294fa025bdbec27b373e93b755), proxy=null, downloadsFolder=null] in 1 [size=1]
[Test worker] INFO com.codeborne.selenide.drivercommands.CloseDriverCommand - Close webdriver: 1 -> RemoteWebDriver: chrome on linux (60f92d294fa025bdbec27b373e93b755)...
[Test worker] INFO com.codeborne.selenide.drivercommands.CloseDriverCommand - Closed webdriver 1 in 70 ms
[Test worker] INFO com.codeborne.selenide.drivercommands.DisposablesRegistry - Unregister WebDriverInstance[config=StaticConfig, webDriver=RemoteWebDriver: chrome on linux (null), proxy=null, downloadsFolder=null] in 1 [size=0]
]]></system-err>
</testsuite>
