<?xml version="1.0" encoding="UTF-8"?>
<testsuite name="wildberriesSearch.SearchPositiveStepsTest" tests="2" skipped="0" failures="0" errors="0" timestamp="2024-03-22T11:32:17" hostname="user" time="7.101">
  <properties/>
  <testcase name="Проверить поиск по артикулу" classname="wildberriesSearch.SearchPositiveStepsTest" time="3.764"/>
  <testcase name="Проверить простой поиск" classname="wildberriesSearch.SearchPositiveStepsTest" time="3.327"/>
  <system-out><![CDATA[]]></system-out>
  <system-err><![CDATA[[Test worker] INFO com.codeborne.selenide.impl.WebDriverThreadLocalContainer - No webdriver is bound to current thread: 1 - let's create a new webdriver
[Test worker] INFO com.codeborne.selenide.webdriver.WebDriverFactory - BrowserName=chrome Version=95.0.4638.54 Platform=linux
[Test worker] INFO com.codeborne.selenide.webdriver.WebDriverFactory - Selenide v. 7.0.4
[Test worker] INFO com.codeborne.selenide.webdriver.WebDriverFactory - Selenium WebDriver v. 4.16.1 build revision: 9b4c83354e
[Test worker] INFO com.codeborne.selenide.drivercommands.CreateDriverCommand - Created webdriver in thread 1: RemoteWebDriver -> RemoteWebDriver: chrome on linux (3c9e987cf976d547340eee5934a8f884), downloadsFolder: null
[Test worker] INFO com.codeborne.selenide.drivercommands.DisposablesRegistry - Register WebDriverInstance[config=StaticConfig, webDriver=RemoteWebDriver: chrome on linux (3c9e987cf976d547340eee5934a8f884), proxy=null, downloadsFolder=null] in 1 [size=1]
[Test worker] INFO com.codeborne.selenide.drivercommands.CloseDriverCommand - Close webdriver: 1 -> RemoteWebDriver: chrome on linux (3c9e987cf976d547340eee5934a8f884)...
[Test worker] INFO com.codeborne.selenide.drivercommands.CloseDriverCommand - Closed webdriver 1 in 72 ms
[Test worker] INFO com.codeborne.selenide.drivercommands.DisposablesRegistry - Unregister WebDriverInstance[config=StaticConfig, webDriver=RemoteWebDriver: chrome on linux (null), proxy=null, downloadsFolder=null] in 1 [size=0]
[Test worker] INFO com.codeborne.selenide.impl.WebDriverThreadLocalContainer - No webdriver is bound to current thread: 1 - let's create a new webdriver
[Test worker] INFO com.codeborne.selenide.webdriver.WebDriverFactory - BrowserName=chrome Version=95.0.4638.54 Platform=linux
[Test worker] INFO com.codeborne.selenide.webdriver.WebDriverFactory - Selenide v. 7.0.4
[Test worker] INFO com.codeborne.selenide.webdriver.WebDriverFactory - Selenium WebDriver v. 4.16.1 build revision: 9b4c83354e
[Test worker] INFO com.codeborne.selenide.drivercommands.CreateDriverCommand - Created webdriver in thread 1: RemoteWebDriver -> RemoteWebDriver: chrome on linux (f736b9669f55e3885a561c0887dd5871), downloadsFolder: null
[Test worker] INFO com.codeborne.selenide.drivercommands.DisposablesRegistry - Register WebDriverInstance[config=StaticConfig, webDriver=RemoteWebDriver: chrome on linux (f736b9669f55e3885a561c0887dd5871), proxy=null, downloadsFolder=null] in 1 [size=1]
[Test worker] INFO com.codeborne.selenide.drivercommands.CloseDriverCommand - Close webdriver: 1 -> RemoteWebDriver: chrome on linux (f736b9669f55e3885a561c0887dd5871)...
[Test worker] INFO com.codeborne.selenide.drivercommands.CloseDriverCommand - Closed webdriver 1 in 94 ms
[Test worker] INFO com.codeborne.selenide.drivercommands.DisposablesRegistry - Unregister WebDriverInstance[config=StaticConfig, webDriver=RemoteWebDriver: chrome on linux (null), proxy=null, downloadsFolder=null] in 1 [size=0]
]]></system-err>
</testsuite>
